0 info it worked if it ends with ok
1 verbose cli [ '/Users/defo/.nvm/versions/node/v6.9.1/bin/node',
1 verbose cli   '/Users/defo/.nvm/versions/node/v6.9.1/bin/npm',
1 verbose cli   'run',
1 verbose cli   'commit' ]
2 info using npm@3.10.8
3 info using node@v6.9.1
4 verbose run-script [ 'precommit', 'commit', 'postcommit' ]
5 info lifecycle @defo550/hex-to-rgb@0.0.0-development~precommit: @defo550/hex-to-rgb@0.0.0-development
6 silly lifecycle @defo550/hex-to-rgb@0.0.0-development~precommit: no script for precommit, continuing
7 info lifecycle @defo550/hex-to-rgb@0.0.0-development~commit: @defo550/hex-to-rgb@0.0.0-development
8 verbose lifecycle @defo550/hex-to-rgb@0.0.0-development~commit: unsafe-perm in lifecycle true
9 verbose lifecycle @defo550/hex-to-rgb@0.0.0-development~commit: PATH: /Users/defo/.nvm/versions/node/v6.9.1/lib/node_modules/npm/bin/node-gyp-bin:/Users/defo/Repos/hex-to-rgb/node_modules/.bin:/Users/defo/.nvm/versions/node/v6.9.1/bin:/usr/local/bin:/Users/defo/.rvm/gems/ruby-1.9.3-p551/bin:/Users/defo/.rvm/gems/ruby-1.9.3-p551@global/bin:/Users/defo/.rvm/rubies/ruby-1.9.3-p551/bin:/opt/local/bin:/opt/local/sbin:/bin:/sbin:/usr/bin:/usr/local/sbin:/usr/local/bin:/usr/local/mysql/bin:/usr/local/bin:/usr/bin:/bin:/usr/sbin:/sbin:/usr/local/sbin:/usr/local/mysql/bin:.:/usr/local/mongodb/bin:/Users/defo/.rvm/bin
10 verbose lifecycle @defo550/hex-to-rgb@0.0.0-development~commit: CWD: /Users/defo/Repos/hex-to-rgb
11 silly lifecycle @defo550/hex-to-rgb@0.0.0-development~commit: Args: [ '-c', 'git-cz' ]
12 silly lifecycle @defo550/hex-to-rgb@0.0.0-development~commit: Returned: code: 1  signal: null
13 info lifecycle @defo550/hex-to-rgb@0.0.0-development~commit: Failed to exec commit script
14 verbose stack Error: @defo550/hex-to-rgb@0.0.0-development commit: `git-cz`
14 verbose stack Exit status 1
14 verbose stack     at EventEmitter.<anonymous> (/Users/defo/.nvm/versions/node/v6.9.1/lib/node_modules/npm/lib/utils/lifecycle.js:255:16)
14 verbose stack     at emitTwo (events.js:106:13)
14 verbose stack     at EventEmitter.emit (events.js:191:7)
14 verbose stack     at ChildProcess.<anonymous> (/Users/defo/.nvm/versions/node/v6.9.1/lib/node_modules/npm/lib/utils/spawn.js:40:14)
14 verbose stack     at emitTwo (events.js:106:13)
14 verbose stack     at ChildProcess.emit (events.js:191:7)
14 verbose stack     at maybeClose (internal/child_process.js:877:16)
14 verbose stack     at Process.ChildProcess._handle.onexit (internal/child_process.js:226:5)
15 verbose pkgid @defo550/hex-to-rgb@0.0.0-development
16 verbose cwd /Users/defo/Repos/hex-to-rgb
17 error Darwin 16.3.0
18 error argv "/Users/defo/.nvm/versions/node/v6.9.1/bin/node" "/Users/defo/.nvm/versions/node/v6.9.1/bin/npm" "run" "commit"
19 error node v6.9.1
20 error npm  v3.10.8
21 error code ELIFECYCLE
22 error @defo550/hex-to-rgb@0.0.0-development commit: `git-cz`
22 error Exit status 1
23 error Failed at the @defo550/hex-to-rgb@0.0.0-development commit script 'git-cz'.
23 error Make sure you have the latest version of node.js and npm installed.
23 error If you do, this is most likely a problem with the @defo550/hex-to-rgb package,
23 error not with npm itself.
23 error Tell the author that this fails on your system:
23 error     git-cz
23 error You can get information on how to open an issue for this project with:
23 error     npm bugs @defo550/hex-to-rgb
23 error Or if that isn't available, you can get their info via:
23 error     npm owner ls @defo550/hex-to-rgb
23 error There is likely additional logging output above.
24 verbose exit [ 1, true ]
